This file contains any messages produced by compilers while
running configure, to aid debugging if configure makes a mistake.

It was created by configure, which was
generated by GNU Autoconf 2.69.  Invocation command line was

  $ /tmp/build_vagrant/php-5.5.24/configure 

## --------- ##
## Platform. ##
## --------- ##

hostname = omnios-vagrant
uname -m = i86pc
uname -r = 5.11
uname -s = SunOS
uname -v = omnios-b281e50

/usr/bin/uname -p = i386
/bin/uname -X     = System = SunOS
Node = omnios-vagrant
Release = 5.11
KernelID = omnios-b281e50
Machine = i86pc
BusType = <unknown>
Serial = <unknown>
Users = <unknown>
OEM# = 0
Origin# = 1
NumCPU = 1

/bin/arch              = i86pc
/usr/bin/arch -k       = i86pc
/usr/convex/getsysinfo = unknown
/usr/bin/hostinfo      = unknown
/bin/machine           = unknown
/usr/bin/oslevel       = unknown
/bin/universe          = unknown

PATH: /usr/bin
PATH: /usr/sbin
PATH: /sbin
PATH: /usr/gnu/bin
PATH: /opt/omni/bin
PATH: /opt/gcc-4.7.2/bin/


## ----------- ##
## Core tests. ##
## ----------- ##

configure:3283: checking for grep that handles long lines and -e
configure:3341: result: /usr/bin/ggrep
configure:3346: checking for egrep
configure:3408: result: /usr/bin/ggrep -E
configure:3413: checking for a sed that does not truncate output
configure:3467: result: /usr/bin/gsed
configure:3572: checking build system type
configure:3586: result: i386-pc-solaris2.11
configure:3606: checking host system type
configure:3619: result: i386-pc-solaris2.11
configure:3639: checking target system type
configure:3652: result: i386-pc-solaris2.11
configure:3885: checking for C compiler version
configure:3894: /opt/gcc-4.7.2/bin/gcc --version >&5
gcc (GCC) 4.7.2
Copyright (C) 2012 Free Software Foundation, Inc.
This is free software; see the source for copying conditions.  There is NO
warranty; not even for MERCHANTABILITY or FITNESS FOR A PARTICULAR PURPOSE.

configure:3905: $? = 0
configure:3894: /opt/gcc-4.7.2/bin/gcc -v >&5
Using built-in specs.
COLLECT_GCC=/opt/gcc-4.7.2/bin/gcc
COLLECT_LTO_WRAPPER=/opt/gcc-4.7.2/libexec/gcc/i386-pc-solaris2.11/4.7.2/lto-wrapper
Target: i386-pc-solaris2.11
Configured with: ./configure --prefix=/opt/gcc-4.7.2 --host i386-pc-solaris2.11 --build i386-pc-solaris2.11 --target i386-pc-solaris2.11 --with-boot-ldflags=-R/opt/gcc-4.7.2/lib --with-gmp=/opt/gcc-4.7.2 --with-mpfr=/opt/gcc-4.7.2 --with-mpc=/opt/gcc-4.7.2 --enable-languages=c,c++,fortran,lto --enable-ld=no --with-as=/usr/bin/gas --with-gnu-as --with-build-time-tools=/usr/gnu/i386-pc-solaris2.11/bin
Thread model: posix
gcc version 4.7.2 (GCC) 
configure:3905: $? = 0
configure:3894: /opt/gcc-4.7.2/bin/gcc -V >&5
gcc: error: unrecognized command line option '-V'
gcc: fatal error: no input files
compilation terminated.
configure:3905: $? = 1
configure:3894: /opt/gcc-4.7.2/bin/gcc -qversion >&5
gcc: error: unrecognized command line option '-qversion'
gcc: fatal error: no input files
compilation terminated.
configure:3905: $? = 1
configure:3925: checking whether the C compiler works
configure:3947: /opt/gcc-4.7.2/bin/gcc -w -std=gnu99 -O2 -I/opt/omni/include -m64   conftest.c  >&5
configure:3951: $? = 0
configure:3999: result: yes
configure:4002: checking for C compiler default output file name
configure:4004: result: a.out
configure:4010: checking for suffix of executables
configure:4017: /opt/gcc-4.7.2/bin/gcc -o conftest -w -std=gnu99 -O2 -I/opt/omni/include -m64   conftest.c  >&5
configure:4021: $? = 0
configure:4043: result: 
configure:4065: checking whether we are cross compiling
configure:4073: /opt/gcc-4.7.2/bin/gcc -o conftest -w -std=gnu99 -O2 -I/opt/omni/include -m64   conftest.c  >&5
configure:4077: $? = 0
configure:4084: ./conftest
configure:4088: $? = 0
configure:4103: result: no
configure:4108: checking for suffix of object files
configure:4130: /opt/gcc-4.7.2/bin/gcc -c -w -std=gnu99 -O2 -I/opt/omni/include -m64  conftest.c >&5
configure:4134: $? = 0
configure:4155: result: o
configure:4159: checking whether we are using the GNU C compiler
configure:4178: /opt/gcc-4.7.2/bin/gcc -c -w -std=gnu99 -O2 -I/opt/omni/include -m64  conftest.c >&5
configure:4178: $? = 0
configure:4187: result: yes
configure:4196: checking whether /opt/gcc-4.7.2/bin/gcc accepts -g
configure:4216: /opt/gcc-4.7.2/bin/gcc -c -g  conftest.c >&5
configure:4216: $? = 0
configure:4257: result: yes
configure:4274: checking for /opt/gcc-4.7.2/bin/gcc option to accept ISO C89
configure:4337: /opt/gcc-4.7.2/bin/gcc  -c -w -std=gnu99 -O2 -I/opt/omni/include -m64  conftest.c >&5
configure:4337: $? = 0
configure:4350: result: none needed
configure:4376: checking how to run the C preprocessor
configure:4407: /opt/gcc-4.7.2/bin/gcc -E  conftest.c
configure:4407: $? = 0
configure:4421: /opt/gcc-4.7.2/bin/gcc -E  conftest.c
conftest.c:9:28: fatal error: ac_nonexistent.h: No such file or directory
compilation terminated.
configure:4421: $? = 1
configure: failed program was:
| /* confdefs.h */
| #define PACKAGE_NAME ""
| #define PACKAGE_TARNAME ""
| #define PACKAGE_VERSION ""
| #define PACKAGE_STRING ""
| #define PACKAGE_BUGREPORT ""
| #define PACKAGE_URL ""
| /* end confdefs.h.  */
| #include <ac_nonexistent.h>
configure:4446: result: /opt/gcc-4.7.2/bin/gcc -E
configure:4466: /opt/gcc-4.7.2/bin/gcc -E  conftest.c
configure:4466: $? = 0
configure:4480: /opt/gcc-4.7.2/bin/gcc -E  conftest.c
conftest.c:9:28: fatal error: ac_nonexistent.h: No such file or directory
compilation terminated.
configure:4480: $? = 1
configure: failed program was:
| /* confdefs.h */
| #define PACKAGE_NAME ""
| #define PACKAGE_TARNAME ""
| #define PACKAGE_VERSION ""
| #define PACKAGE_STRING ""
| #define PACKAGE_BUGREPORT ""
| #define PACKAGE_URL ""
| /* end confdefs.h.  */
| #include <ac_nonexistent.h>
configure:4511: checking for icc
configure:4520: result: no
configure:4534: checking for suncc
configure:4543: result: no
configure:4558: checking whether /opt/gcc-4.7.2/bin/gcc and cc understand -c and -o together
configure:4589: /opt/gcc-4.7.2/bin/gcc -c conftest.c -o conftest2.o >&5
configure:4593: $? = 0
configure:4599: /opt/gcc-4.7.2/bin/gcc -c conftest.c -o conftest2.o >&5
configure:4603: $? = 0
configure:4614: cc -c conftest.c >&5
/tmp/build_vagrant/php-5.5.24/configure[4616]: eval[1]: cc: not found [No such file or directory]
configure:4618: $? = 127
configure:4658: result: yes
configure:4673: checking how to run the C preprocessor
configure:4743: result: /opt/gcc-4.7.2/bin/gcc -E
configure:4763: /opt/gcc-4.7.2/bin/gcc -E  conftest.c
configure:4763: $? = 0
configure:4777: /opt/gcc-4.7.2/bin/gcc -E  conftest.c
conftest.c:9:28: fatal error: ac_nonexistent.h: No such file or directory
compilation terminated.
configure:4777: $? = 1
configure: failed program was:
| /* confdefs.h */
| #define PACKAGE_NAME ""
| #define PACKAGE_TARNAME ""
| #define PACKAGE_VERSION ""
| #define PACKAGE_STRING ""
| #define PACKAGE_BUGREPORT ""
| #define PACKAGE_URL ""
| /* end confdefs.h.  */
| #include <ac_nonexistent.h>
configure:4805: checking for ANSI C header files
configure:4825: /opt/gcc-4.7.2/bin/gcc -c -w -std=gnu99 -O2 -I/opt/omni/include -m64  conftest.c >&5
configure:4825: $? = 0
configure:4898: /opt/gcc-4.7.2/bin/gcc -o conftest -w -std=gnu99 -O2 -I/opt/omni/include -m64   conftest.c  >&5
configure:4898: $? = 0
configure:4898: ./conftest
configure:4898: $? = 0
configure:4909: result: yes
configure:4922: checking for sys/types.h
configure:4922: /opt/gcc-4.7.2/bin/gcc -c -w -std=gnu99 -O2 -I/opt/omni/include -m64  conftest.c >&5
configure:4922: $? = 0
configure:4922: result: yes
configure:4922: checking for sys/stat.h
configure:4922: /opt/gcc-4.7.2/bin/gcc -c -w -std=gnu99 -O2 -I/opt/omni/include -m64  conftest.c >&5
configure:4922: $? = 0
configure:4922: result: yes
configure:4922: checking for stdlib.h
configure:4922: /opt/gcc-4.7.2/bin/gcc -c -w -std=gnu99 -O2 -I/opt/omni/include -m64  conftest.c >&5
configure:4922: $? = 0
configure:4922: result: yes
configure:4922: checking for string.h
configure:4922: /opt/gcc-4.7.2/bin/gcc -c -w -std=gnu99 -O2 -I/opt/omni/include -m64  conftest.c >&5
configure:4922: $? = 0
configure:4922: result: yes
configure:4922: checking for memory.h
configure:4922: /opt/gcc-4.7.2/bin/gcc -c -w -std=gnu99 -O2 -I/opt/omni/include -m64  conftest.c >&5
configure:4922: $? = 0
configure:4922: result: yes
configure:4922: checking for strings.h
configure:4922: /opt/gcc-4.7.2/bin/gcc -c -w -std=gnu99 -O2 -I/opt/omni/include -m64  conftest.c >&5
configure:4922: $? = 0
configure:4922: result: yes
configure:4922: checking for inttypes.h
configure:4922: /opt/gcc-4.7.2/bin/gcc -c -w -std=gnu99 -O2 -I/opt/omni/include -m64  conftest.c >&5
configure:4922: $? = 0
configure:4922: result: yes
configure:4922: checking for stdint.h
configure:4922: /opt/gcc-4.7.2/bin/gcc -c -w -std=gnu99 -O2 -I/opt/omni/include -m64  conftest.c >&5
configure:4922: $? = 0
configure:4922: result: yes
configure:4922: checking for unistd.h
configure:4922: /opt/gcc-4.7.2/bin/gcc -c -w -std=gnu99 -O2 -I/opt/omni/include -m64  conftest.c >&5
configure:4922: $? = 0
configure:4922: result: yes
configure:4935: checking minix/config.h usability
configure:4935: /opt/gcc-4.7.2/bin/gcc -c -w -std=gnu99 -O2 -I/opt/omni/include -m64  conftest.c >&5
conftest.c:52:26: fatal error: minix/config.h: No such file or directory
compilation terminated.
configure:4935: $? = 1
configure: failed program was:
| /* confdefs.h */
| #define PACKAGE_NAME ""
| #define PACKAGE_TARNAME ""
| #define PACKAGE_VERSION ""
| #define PACKAGE_STRING ""
| #define PACKAGE_BUGREPORT ""
| #define PACKAGE_URL ""
| #define STDC_HEADERS 1
| #define HAVE_SYS_TYPES_H 1
| #define HAVE_SYS_STAT_H 1
| #define HAVE_STDLIB_H 1
| #define HAVE_STRING_H 1
| #define HAVE_MEMORY_H 1
| #define HAVE_STRINGS_H 1
| #define HAVE_INTTYPES_H 1
| #define HAVE_STDINT_H 1
| #define HAVE_UNISTD_H 1
| /* end confdefs.h.  */
| #include <stdio.h>
| #ifdef HAVE_SYS_TYPES_H
| # include <sys/types.h>
| #endif
| #ifdef HAVE_SYS_STAT_H
| # include <sys/stat.h>
| #endif
| #ifdef STDC_HEADERS
| # include <stdlib.h>
| # include <stddef.h>
| #else
| # ifdef HAVE_STDLIB_H
| #  include <stdlib.h>
| # endif
| #endif
| #ifdef HAVE_STRING_H
| # if !defined STDC_HEADERS && defined HAVE_MEMORY_H
| #  include <memory.h>
| # endif
| # include <string.h>
| #endif
| #ifdef HAVE_STRINGS_H
| # include <strings.h>
| #endif
| #ifdef HAVE_INTTYPES_H
| # include <inttypes.h>
| #endif
| #ifdef HAVE_STDINT_H
| # include <stdint.h>
| #endif
| #ifdef HAVE_UNISTD_H
| # include <unistd.h>
| #endif
| #include <minix/config.h>
configure:4935: result: no
configure:4935: checking minix/config.h presence
configure:4935: /opt/gcc-4.7.2/bin/gcc -E  conftest.c
conftest.c:19:26: fatal error: minix/config.h: No such file or directory
compilation terminated.
configure:4935: $? = 1
configure: failed program was:
| /* confdefs.h */
| #define PACKAGE_NAME ""
| #define PACKAGE_TARNAME ""
| #define PACKAGE_VERSION ""
| #define PACKAGE_STRING ""
| #define PACKAGE_BUGREPORT ""
| #define PACKAGE_URL ""
| #define STDC_HEADERS 1
| #define HAVE_SYS_TYPES_H 1
| #define HAVE_SYS_STAT_H 1
| #define HAVE_STDLIB_H 1
| #define HAVE_STRING_H 1
| #define HAVE_MEMORY_H 1
| #define HAVE_STRINGS_H 1
| #define HAVE_INTTYPES_H 1
| #define HAVE_STDINT_H 1
| #define HAVE_UNISTD_H 1
| /* end confdefs.h.  */
| #include <minix/config.h>
configure:4935: result: no
configure:4935: checking for minix/config.h
configure:4935: result: no
configure:4956: checking whether it is safe to define __EXTENSIONS__
configure:4974: /opt/gcc-4.7.2/bin/gcc -c -w -std=gnu99 -O2 -I/opt/omni/include -m64  conftest.c >&5
configure:4974: $? = 0
configure:4981: result: yes
configure:4996: checking whether ln -s works
configure:5000: result: yes
configure:5011: checking for system library directory
configure:5026: result: lib
configure:5035: checking whether to enable runpaths
configure:5049: result: yes
configure:5056: checking if compiler supports -R
configure:5075: /opt/gcc-4.7.2/bin/gcc -o conftest -w -std=gnu99 -O2 -I/opt/omni/include -m64   conftest.c -R /usr/lib  >&5
configure:5075: $? = 0
configure:5085: result: yes
configure:5137: checking for gawk
configure:5154: found /usr/bin/gawk
configure:5165: result: gawk
configure:5209: checking for bison
configure:5239: result: no
configure:5209: checking for byacc
configure:5239: result: no
configure:5257: checking for bison version
configure:5277: result: invalid
configure:5283: WARNING: bison versions supported for regeneration of the Zend/PHP parsers: 2.4 2.4.1 2.4.2 2.4.3 2.5 2.5.1 2.6 2.6.1 2.6.2 2.6.3 2.6.4 2.6.5 2.7 (found: none).
configure:5296: checking for re2c
configure:5326: result: no
configure:5351: WARNING: You will need re2c 0.13.4 or later if you want to regenerate PHP parsers.
configure:5372: checking whether to enable computed goto gcc extension with re2c
configure:5386: result: no
configure:5680: checking whether to force non-PIC code in shared modules
configure:5694: result: no
configure:5712: checking whether /dev/urandom exists
configure:5718: result: yes
configure:5804: /opt/gcc-4.7.2/bin/gcc -o conftest -w -std=gnu99 -O2 -I/opt/omni/include -m64 -fvisibility=hidden  -D_POSIX_PTHREAD_SEMANTICS  conftest.c  >&5
configure:5804: $? = 0
configure:5804: ./conftest
configure:5804: $? = 0
configure:5820: checking for pthreads_cflags
configure:5883: result: 
configure:5886: checking for pthreads_lib
configure:5948: result: 
configure:6021: result: 
configure:6023: result: [1mConfiguring SAPI modules[m
configure:6051: checking for AOLserver support
configure:6266: result: no
configure:6294: checking for Apache 1.x module support via DSO through APXS
configure:6584: result: no
configure:6610: checking for Apache 1.x module support
configure:7382: result: no
configure:7394: checking whether to enable Apache charset compatibility option
configure:7408: result: no
configure:7558: checking for Apache 2.0 filter-module support via DSO through APXS
configure:8354: result: no
configure:8382: checking for Apache 2.0 handler-module support via DSO through APXS
configure:9178: result: no
configure:9207: checking for Apache 1.x (hooks) module support via DSO through APXS
configure:9497: result: no
configure:9523: checking for Apache 1.x (hooks) module support
configure:10295: result: no
configure:10307: checking whether to enable Apache charset compatibility option
configure:10321: result: no
configure:10472: checking for Caudium support
configure:10786: result: no
configure:10814: checking for setproctitle
configure:10814: /opt/gcc-4.7.2/bin/gcc -o conftest -w -std=gnu99 -O2 -I/opt/omni/include -m64 -fvisibility=hidden  -D_POSIX_PTHREAD_SEMANTICS  conftest.c  >&5
Undefined			first referenced
 symbol  			    in file
setproctitle                        /var/tmp//cc3Raqip.o
ld: fatal: symbol referencing errors. No output written to conftest
collect2: error: ld returned 1 exit status
configure:10814: $? = 1
configure: failed program was:
| /* confdefs.h */
| #define PACKAGE_NAME ""
| #define PACKAGE_TARNAME ""
| #define PACKAGE_VERSION ""
| #define PACKAGE_STRING ""
| #define PACKAGE_BUGREPORT ""
| #define PACKAGE_URL ""
| #define STDC_HEADERS 1
| #define HAVE_SYS_TYPES_H 1
| #define HAVE_SYS_STAT_H 1
| #define HAVE_STDLIB_H 1
| #define HAVE_STRING_H 1
| #define HAVE_MEMORY_H 1
| #define HAVE_STRINGS_H 1
| #define HAVE_INTTYPES_H 1
| #define HAVE_STDINT_H 1
| #define HAVE_UNISTD_H 1
| #define __EXTENSIONS__ 1
| #define _ALL_SOURCE 1
| #define _GNU_SOURCE 1
| #define _POSIX_PTHREAD_SEMANTICS 1
| #define _TANDEM_SOURCE 1
| #define HAVE_DEV_URANDOM 1
| /* end confdefs.h.  */
| /* Define setproctitle to an innocuous variant, in case <limits.h> declares setproctitle.
|    For example, HP-UX 11i <limits.h> declares gettimeofday.  */
| #define setproctitle innocuous_setproctitle
| 
| /* System header to define __stub macros and hopefully few prototypes,
|     which can conflict with char setproctitle (); below.
|     Prefer <limits.h> to <assert.h> if __STDC__ is defined, since
|     <limits.h> exists even on freestanding compilers.  */
| 
| #ifdef __STDC__
| # include <limits.h>
| #else
| # include <assert.h>
| #endif
| 
| #undef setproctitle
| 
| /* Override any GCC internal prototype to avoid an error.
|    Use char because int might match the return type of a GCC
|    builtin and then its argument prototype would still apply.  */
| #ifdef __cplusplus
| extern "C"
| #endif
| char setproctitle ();
| /* The GNU C library defines this for functions which it implements
|     to always fail with ENOSYS.  Some functions are actually named
|     something starting with __ and the normal name is an alias.  */
| #if defined __stub_setproctitle || defined __stub___setproctitle
| choke me
| #endif
| 
| int
| main ()
| {
| return setproctitle ();
|   ;
|   return 0;
| }
configure:10814: result: no
configure:10826: checking sys/pstat.h usability
configure:10826: /opt/gcc-4.7.2/bin/gcc -c -w -std=gnu99 -O2 -I/opt/omni/include -m64 -fvisibility=hidden  -D_POSIX_PTHREAD_SEMANTICS conftest.c >&5
conftest.c:58:23: fatal error: sys/pstat.h: No such file or directory
compilation terminated.
configure:10826: $? = 1
configure: failed program was:
| /* confdefs.h */
| #define PACKAGE_NAME ""
| #define PACKAGE_TARNAME ""
| #define PACKAGE_VERSION ""
| #define PACKAGE_STRING ""
| #define PACKAGE_BUGREPORT ""
| #define PACKAGE_URL ""
| #define STDC_HEADERS 1
| #define HAVE_SYS_TYPES_H 1
| #define HAVE_SYS_STAT_H 1
| #define HAVE_STDLIB_H 1
| #define HAVE_STRING_H 1
| #define HAVE_MEMORY_H 1
| #define HAVE_STRINGS_H 1
| #define HAVE_INTTYPES_H 1
| #define HAVE_STDINT_H 1
| #define HAVE_UNISTD_H 1
| #define __EXTENSIONS__ 1
| #define _ALL_SOURCE 1
| #define _GNU_SOURCE 1
| #define _POSIX_PTHREAD_SEMANTICS 1
| #define _TANDEM_SOURCE 1
| #define HAVE_DEV_URANDOM 1
| /* end confdefs.h.  */
| #include <stdio.h>
| #ifdef HAVE_SYS_TYPES_H
| # include <sys/types.h>
| #endif
| #ifdef HAVE_SYS_STAT_H
| # include <sys/stat.h>
| #endif
| #ifdef STDC_HEADERS
| # include <stdlib.h>
| # include <stddef.h>
| #else
| # ifdef HAVE_STDLIB_H
| #  include <stdlib.h>
| # endif
| #endif
| #ifdef HAVE_STRING_H
| # if !defined STDC_HEADERS && defined HAVE_MEMORY_H
| #  include <memory.h>
| # endif
| # include <string.h>
| #endif
| #ifdef HAVE_STRINGS_H
| # include <strings.h>
| #endif
| #ifdef HAVE_INTTYPES_H
| # include <inttypes.h>
| #endif
| #ifdef HAVE_STDINT_H
| # include <stdint.h>
| #endif
| #ifdef HAVE_UNISTD_H
| # include <unistd.h>
| #endif
| #include <sys/pstat.h>
configure:10826: result: no
configure:10826: checking sys/pstat.h presence
configure:10826: /opt/gcc-4.7.2/bin/gcc -E  -D_POSIX_PTHREAD_SEMANTICS conftest.c
conftest.c:25:23: fatal error: sys/pstat.h: No such file or directory
compilation terminated.
configure:10826: $? = 1
configure: failed program was:
| /* confdefs.h */
| #define PACKAGE_NAME ""
| #define PACKAGE_TARNAME ""
| #define PACKAGE_VERSION ""
| #define PACKAGE_STRING ""
| #define PACKAGE_BUGREPORT ""
| #define PACKAGE_URL ""
| #define STDC_HEADERS 1
| #define HAVE_SYS_TYPES_H 1
| #define HAVE_SYS_STAT_H 1
| #define HAVE_STDLIB_H 1
| #define HAVE_STRING_H 1
| #define HAVE_MEMORY_H 1
| #define HAVE_STRINGS_H 1
| #define HAVE_INTTYPES_H 1
| #define HAVE_STDINT_H 1
| #define HAVE_UNISTD_H 1
| #define __EXTENSIONS__ 1
| #define _ALL_SOURCE 1
| #define _GNU_SOURCE 1
| #define _POSIX_PTHREAD_SEMANTICS 1
| #define _TANDEM_SOURCE 1
| #define HAVE_DEV_URANDOM 1
| /* end confdefs.h.  */
| #include <sys/pstat.h>
configure:10826: result: no
configure:10826: checking for sys/pstat.h
configure:10826: result: no
configure:10837: checking for PS_STRINGS
configure:10856: /opt/gcc-4.7.2/bin/gcc -o conftest -w -std=gnu99 -O2 -I/opt/omni/include -m64 -fvisibility=hidden  -D_POSIX_PTHREAD_SEMANTICS  conftest.c  >&5
conftest.c:25:29: fatal error: machine/vmparam.h: No such file or directory
compilation terminated.
configure:10856: $? = 1
configure: failed program was:
| /* confdefs.h */
| #define PACKAGE_NAME ""
| #define PACKAGE_TARNAME ""
| #define PACKAGE_VERSION ""
| #define PACKAGE_STRING ""
| #define PACKAGE_BUGREPORT ""
| #define PACKAGE_URL ""
| #define STDC_HEADERS 1
| #define HAVE_SYS_TYPES_H 1
| #define HAVE_SYS_STAT_H 1
| #define HAVE_STDLIB_H 1
| #define HAVE_STRING_H 1
| #define HAVE_MEMORY_H 1
| #define HAVE_STRINGS_H 1
| #define HAVE_INTTYPES_H 1
| #define HAVE_STDINT_H 1
| #define HAVE_UNISTD_H 1
| #define __EXTENSIONS__ 1
| #define _ALL_SOURCE 1
| #define _GNU_SOURCE 1
| #define _POSIX_PTHREAD_SEMANTICS 1
| #define _TANDEM_SOURCE 1
| #define HAVE_DEV_URANDOM 1
| /* end confdefs.h.  */
| #include <machine/vmparam.h>
| #include <sys/exec.h>
| 
| int
| main ()
| {
| PS_STRINGS->ps_nargvstr = 1;
| PS_STRINGS->ps_argvstr = "foo";
|   ;
|   return 0;
| }
configure:10864: result: no
configure:10872: checking for CLI build
configure:11034: result: yes
configure:11041: checking for Continuity support
configure:11056: result: no
configure:11301: checking for embedded SAPI library support
configure:11500: result: no
configure:11556: checking for FPM build
configure:13173: result: no
configure:13181: checking for Zeus ISAPI support
configure:13196: result: no
configure:13413: checking for LiteSpeed support
configure:13583: result: no
configure:13590: checking for Milter support
configure:13605: result: no
configure:13796: checking for NSAPI support
configure:13811: result: no
configure:14082: checking for PHTTPD support
configure:14097: result: no
configure:14314: checking for Pi3Web support
configure:14329: result: no
configure:14664: checking whether Roxen module is build using ZTS
configure:14678: result: no
configure:14685: checking for Roxen/Pike support
configure:14921: result: 
configure:14948: checking for thttpd
configure:15171: result: no
configure:15197: checking for TUX
configure:15377: result: no
configure:15404: checking for webjames
configure:15616: result: no
configure:15642: checking for CGI build
configure:15645: result: yes
configure:15647: checking for socklen_t in sys/socket.h
configure:15656: result: yes
configure:15668: checking for sun_len in sys/un.h
configure:15683: result: no
configure:15689: checking whether cross-process locking is required by accept()
configure:15693: result: yes
configure:15850: checking for chosen SAPI module
configure:15852: result: none
configure:15855: checking for executable SAPI binaries
configure:15858: result:  cli cgi
configure:15911: result: 
configure:15913: result: [1mRunning system checks[m
configure:15921: checking for sendmail
configure:15940: found /usr/sbin/sendmail
configure:15952: result: /usr/sbin/sendmail
configure:15966: checking whether system uses EBCDIC
configure:15985: /opt/gcc-4.7.2/bin/gcc -o conftest -w -std=gnu99 -O2 -I/opt/omni/include -m64 -fvisibility=hidden  -D_POSIX_PTHREAD_SEMANTICS  conftest.c  >&5
configure:15985: $? = 0
configure:15985: ./conftest
configure:15985: $? = 1
configure: program exited with status 1
configure: failed program was:
| /* confdefs.h */
| #define PACKAGE_NAME ""
| #define PACKAGE_TARNAME ""
| #define PACKAGE_VERSION ""
| #define PACKAGE_STRING ""
| #define PACKAGE_BUGREPORT ""
| #define PACKAGE_URL ""
| #define STDC_HEADERS 1
| #define HAVE_SYS_TYPES_H 1
| #define HAVE_SYS_STAT_H 1
| #define HAVE_STDLIB_H 1
| #define HAVE_STRING_H 1
| #define HAVE_MEMORY_H 1
| #define HAVE_STRINGS_H 1
| #define HAVE_INTTYPES_H 1
| #define HAVE_STDINT_H 1
| #define HAVE_UNISTD_H 1
| #define __EXTENSIONS__ 1
| #define _ALL_SOURCE 1
| #define _GNU_SOURCE 1
| #define _POSIX_PTHREAD_SEMANTICS 1
| #define _TANDEM_SOURCE 1
| #define HAVE_DEV_URANDOM 1
| #define HAVE_SOCKLEN_T 1
| #define USE_LOCKING 1
| /* end confdefs.h.  */
| 
| int main(void) {
|   return (unsigned char)'A' != (unsigned char)0xC1;
| }
| 
configure:15999: result: no
configure:16008: checking whether byte ordering is bigendian
configure:16034: /opt/gcc-4.7.2/bin/gcc -o conftest -w -std=gnu99 -O2 -I/opt/omni/include -m64 -fvisibility=hidden  -D_POSIX_PTHREAD_SEMANTICS  conftest.c  >&5
configure:16034: $? = 0
configure:16034: ./conftest
configure:16034: $? = 1
configure: program exited with status 1
configure: failed program was:
| /* confdefs.h */
| #define PACKAGE_NAME ""
| #define PACKAGE_TARNAME ""
| #define PACKAGE_VERSION ""
| #define PACKAGE_STRING ""
| #define PACKAGE_BUGREPORT ""
| #define PACKAGE_URL ""
| #define STDC_HEADERS 1
| #define HAVE_SYS_TYPES_H 1
| #define HAVE_SYS_STAT_H 1
| #define HAVE_STDLIB_H 1
| #define HAVE_STRING_H 1
| #define HAVE_MEMORY_H 1
| #define HAVE_STRINGS_H 1
| #define HAVE_INTTYPES_H 1
| #define HAVE_STDINT_H 1
| #define HAVE_UNISTD_H 1
| #define __EXTENSIONS__ 1
| #define _ALL_SOURCE 1
| #define _GNU_SOURCE 1
| #define _POSIX_PTHREAD_SEMANTICS 1
| #define _TANDEM_SOURCE 1
| #define HAVE_DEV_URANDOM 1
| #define HAVE_SOCKLEN_T 1
| #define USE_LOCKING 1
| /* end confdefs.h.  */
| 
| int main(void)
| {
|   short one = 1;
|   char *cp = (char *)&one;
| 
|   if (*cp == 0) {
|     return(0);
|   } else {
|     return(1);
|   }
| }
| 
configure:16045: result: no

## ---------------- ##
## Cache variables. ##
## ---------------- ##

ac_cv_build=i386-pc-solaris2.11
ac_cv_c_bigendian_php=no
ac_cv_c_compiler_gnu=yes
ac_cv_ebcdic=no
ac_cv_env_CCC_set=''
ac_cv_env_CCC_value=''
ac_cv_env_CC_set=set
ac_cv_env_CC_value=/opt/gcc-4.7.2/bin/gcc
ac_cv_env_CFLAGS_set=set
ac_cv_env_CFLAGS_value='-w -std=gnu99 -O2 -I/opt/omni/include -m64'
ac_cv_env_CPPFLAGS_set=''
ac_cv_env_CPPFLAGS_value=''
ac_cv_env_CPP_set=''
ac_cv_env_CPP_value=''
ac_cv_env_CXXCPP_set=''
ac_cv_env_CXXCPP_value=''
ac_cv_env_CXXFLAGS_set=''
ac_cv_env_CXXFLAGS_value=''
ac_cv_env_CXX_set=''
ac_cv_env_CXX_value=''
ac_cv_env_LDFLAGS_set=''
ac_cv_env_LDFLAGS_value=''
ac_cv_env_LIBS_set=''
ac_cv_env_LIBS_value=''
ac_cv_env_YACC_set=''
ac_cv_env_YACC_value=''
ac_cv_env_YFLAGS_set=''
ac_cv_env_YFLAGS_value=''
ac_cv_env_build_alias_set=''
ac_cv_env_build_alias_value=''
ac_cv_env_host_alias_set=''
ac_cv_env_host_alias_value=''
ac_cv_env_target_alias_set=''
ac_cv_env_target_alias_value=''
ac_cv_func_setproctitle=no
ac_cv_header_inttypes_h=yes
ac_cv_header_memory_h=yes
ac_cv_header_minix_config_h=no
ac_cv_header_stdc=yes
ac_cv_header_stdint_h=yes
ac_cv_header_stdlib_h=yes
ac_cv_header_string_h=yes
ac_cv_header_strings_h=yes
ac_cv_header_sys_pstat_h=no
ac_cv_header_sys_stat_h=yes
ac_cv_header_sys_types_h=yes
ac_cv_header_unistd_h=yes
ac_cv_host=i386-pc-solaris2.11
ac_cv_objext=o
ac_cv_path_EGREP='/usr/bin/ggrep -E'
ac_cv_path_GREP=/usr/bin/ggrep
ac_cv_path_PROG_SENDMAIL=/usr/sbin/sendmail
ac_cv_prog_AWK=gawk
ac_cv_prog_CPP='/opt/gcc-4.7.2/bin/gcc -E'
ac_cv_prog_cc__opt_gcc_4_7_2_bin_gcc_c_o=yes
ac_cv_prog_cc_c89=''
ac_cv_prog_cc_g=yes
ac_cv_pthreads_cflags=''
ac_cv_pthreads_lib=''
ac_cv_safe_to_define___extensions__=yes
ac_cv_target=i386-pc-solaris2.11
cli_cv_var_PS_STRINGS=no
lt_cv_path_SED=/usr/bin/gsed
php_cv_bison_version=invalid
php_cv_cc_dashr=yes

## ----------------- ##
## Output variables. ##
## ----------------- ##

ALLOCA=''
AR=''
AWK='gawk'
CC='/opt/gcc-4.7.2/bin/gcc'
CFLAGS='-w -std=gnu99 -O2 -I/opt/omni/include -m64 -fvisibility=hidden'
CONFIGURE_COMMAND=' '\''/tmp/build_vagrant/php-5.5.24/configure'\'' '
CONFIGURE_OPTIONS=''
CPP='/opt/gcc-4.7.2/bin/gcc -E'
CPPFLAGS=' -D_POSIX_PTHREAD_SEMANTICS'
CXX=''
CXXCPP=''
CXXFLAGS=''
DEBUG_CFLAGS=''
DEFS=''
DSYMUTIL=''
ECHO='/usr/gnu/bin/echo'
ECHO_C='\c'
ECHO_N=''
ECHO_T=''
EGREP='/usr/bin/ggrep -E'
EXEEXT=''
EXPANDED_BINDIR=''
EXPANDED_DATADIR=''
EXPANDED_EXTENSION_DIR=''
EXPANDED_LIBDIR=''
EXPANDED_LOCALSTATEDIR=''
EXPANDED_MANDIR=''
EXPANDED_PEAR_INSTALLDIR=''
EXPANDED_PHP_CONFIG_FILE_PATH=''
EXPANDED_PHP_CONFIG_FILE_SCAN_DIR=''
EXPANDED_SBINDIR=''
EXPANDED_SYSCONFDIR=''
EXTENSION_DIR=''
EXTRA_INCLUDES=''
EXTRA_LDFLAGS=''
EXTRA_LDFLAGS_PROGRAM=''
EXTRA_LIBS=''
GREP='/usr/bin/ggrep'
ICU_CONFIG=''
INCLUDES=''
INCLUDE_PATH=''
INLINE_CFLAGS=''
INSTALL_IT=''
KRB5_CONFIG=''
LDFLAGS=''
LIBOBJS=''
LIBS=''
LIBTOOL=''
LN_S='ln -s'
LTLIBOBJS=''
LTP=''
LTP_GENHTML=''
MYSQL_INCLUDE=''
MYSQL_LIBS=''
MYSQL_MODULE_TYPE=''
NATIVE_RPATHS=''
NMEDIT=''
OBJEXT='o'
OCI8_DIR=''
OCI8_ORACLE_VERSION=''
OCI8_SHARED_LIBADD=''
ODBC_INCLUDE=''
ODBC_LFLAGS=''
ODBC_LIBS=''
ODBC_TYPE=''
OPENSSL_INCDIR_OPT=''
PACKAGE_BUGREPORT=''
PACKAGE_NAME=''
PACKAGE_STRING=''
PACKAGE_TARNAME=''
PACKAGE_URL=''
PACKAGE_VERSION=''
PATH_SEPARATOR=':'
PDO_MYSQL_MODULE_TYPE=''
PDO_OCI_DIR=''
PDO_OCI_SHARED_LIBADD=''
PDO_OCI_VERSION=''
PEAR_INSTALLDIR=''
PHP_INSTALLED_SAPIS=' cli cgi'
PHP_LDFLAGS=''
PHP_LIBS=''
PHP_VERSION='5.5.24'
PHP_VERSION_ID='50524'
PKG_CONFIG=''
PROG_SENDMAIL='/usr/sbin/sendmail'
RANLIB=''
RE2C='exit 0;'
SED='/usr/bin/gsed'
SHELL='/bin/sh'
SHLIB_DL_SUFFIX_NAME='so'
SHLIB_SUFFIX_NAME='so'
SNMP_CONFIG=''
STRIP=''
YACC='exit 0;'
YFLAGS=''
ZEND_EXTRA_LIBS=''
abs_builddir='/export/home/vagrant/omnios-build/build/php-55'
abs_srcdir='/tmp/build_vagrant/php-5.5.24'
ac_ct_CC=''
ac_ct_CXX=''
bindir='${exec_prefix}/bin'
build='i386-pc-solaris2.11'
build_alias=''
build_cpu='i386'
build_os='solaris2.11'
build_vendor='pc'
datadir='${datarootdir}'
datarootdir='${prefix}/share'
docdir='${datarootdir}/doc/${PACKAGE}'
dvidir='${docdir}'
exec_prefix='NONE'
host='i386-pc-solaris2.11'
host_alias='i386-pc-solaris2.11'
host_cpu='i386'
host_os='solaris2.11'
host_vendor='pc'
htmldir='${docdir}'
includedir='${prefix}/include'
infodir='${datarootdir}/info'
libdir='${exec_prefix}/lib'
libexecdir='${exec_prefix}/libexec'
localedir='${datarootdir}/locale'
localstatedir='${prefix}/var'
mandir='${datarootdir}/man'
oldincludedir='/usr/include'
pdfdir='${docdir}'
php_abs_top_builddir='/export/home/vagrant/omnios-build/build/php-55'
php_abs_top_srcdir='/tmp/build_vagrant/php-5.5.24'
php_fpm_group=''
php_fpm_localstatedir=''
php_fpm_prefix=''
php_fpm_sysconfdir=''
php_fpm_systemd=''
php_fpm_user=''
prefix='NONE'
program_prefix='NONE'
program_suffix='NONE'
program_transform_name='s,x,x,'
psdir='${docdir}'
sbindir='${exec_prefix}/sbin'
sharedstatedir='${prefix}/com'
sysconfdir='${prefix}/etc'
target='i386-pc-solaris2.11'
target_alias=''
target_cpu='i386'
target_os='solaris2.11'
target_vendor='pc'

## ----------- ##
## confdefs.h. ##
## ----------- ##

/* confdefs.h */
#define PACKAGE_NAME ""
#define PACKAGE_TARNAME ""
#define PACKAGE_VERSION ""
#define PACKAGE_STRING ""
#define PACKAGE_BUGREPORT ""
#define PACKAGE_URL ""
#define STDC_HEADERS 1
#define HAVE_SYS_TYPES_H 1
#define HAVE_SYS_STAT_H 1
#define HAVE_STDLIB_H 1
#define HAVE_STRING_H 1
#define HAVE_MEMORY_H 1
#define HAVE_STRINGS_H 1
#define HAVE_INTTYPES_H 1
#define HAVE_STDINT_H 1
#define HAVE_UNISTD_H 1
#define __EXTENSIONS__ 1
#define _ALL_SOURCE 1
#define _GNU_SOURCE 1
#define _POSIX_PTHREAD_SEMANTICS 1
#define _TANDEM_SOURCE 1
#define HAVE_DEV_URANDOM 1
#define HAVE_SOCKLEN_T 1
#define USE_LOCKING 1

configure: caught signal 2
configure: exit 1
